<?xml version="1.0" encoding="UTF-8"?>
<coverage generated="1665183332576" clover="3.2.0">
  <project timestamp="1665183332576" name="All files">
    <metrics statements="19" coveredstatements="19" conditionals="0" coveredconditionals="0" methods="14" coveredmethods="14" elements="33" coveredelements="33" complexity="0" loc="19" ncloc="19" packages="1" files="4" classes="4"/>
    <file name="Employee.js" path="C:\Users\joeps\coding\homework\teamviewer\lib\Employee.js">
      <metrics statements="7" coveredstatements="7" conditionals="0" coveredconditionals="0" methods="5" coveredmethods="5"/>
      <line num="3" count="4" type="stmt"/>
      <line num="4" count="4" type="stmt"/>
      <line num="5" count="4" type="stmt"/>
      <line num="8" count="4" type="stmt"/>
      <line num="10" count="4" type="stmt"/>
      <line num="12" count="4" type="stmt"/>
      <line num="14" count="1" type="stmt"/>
    </file>
    <file name="Engineer.js" path="C:\Users\joeps\coding\homework\teamviewer\lib\Engineer.js">
      <metrics statements="4" coveredstatements="4" conditionals="0" coveredconditionals="0" methods="3" coveredmethods="3"/>
      <line num="5" count="1" type="stmt"/>
      <line num="7" count="1" type="stmt"/>
      <line num="10" count="1" type="stmt"/>
      <line num="12" count="1" type="stmt"/>
    </file>
    <file name="Intern.js" path="C:\Users\joeps\coding\homework\teamviewer\lib\Intern.js">
      <metrics statements="4" coveredstatements="4" conditionals="0" coveredconditionals="0" methods="3" coveredmethods="3"/>
      <line num="5" count="1" type="stmt"/>
      <line num="7" count="1" type="stmt"/>
      <line num="10" count="1" type="stmt"/>
      <line num="12" count="1" type="stmt"/>
    </file>
    <file name="Manager.js" path="C:\Users\joeps\coding\homework\teamviewer\lib\Manager.js">
      <metrics statements="4" coveredstatements="4" conditionals="0" coveredconditionals="0" methods="3" coveredmethods="3"/>
      <line num="5" count="1" type="stmt"/>
      <line num="7" count="1" type="stmt"/>
      <line num="10" count="1" type="stmt"/>
      <line num="12" count="1" type="stmt"/>
    </file>
  </project>
</coverage>
